2014-06-29 00:24:57.716 ALMITOnTheGo[2140:70b] Multi-tasking -> Device: YES, App: YES
2014-06-29 00:24:57.721 ALMITOnTheGo[2140:70b] Unlimited access to network resources
2014-06-29 00:24:57.723 ALMITOnTheGo[2140:70b] 

Started backup to iCloud! Please be careful.
Your application might rejected by Apple if you store too much data.
For more information please read "iOS Data Storage Guidelines"
You could find it at the following address https://developer.apple.com/icloud/documentation/data-storage/ .

2014-06-29 00:24:57.786 ALMITOnTheGo[2140:70b] Resetting plugins due to page load.
2014-06-29 00:24:57.869 ALMITOnTheGo[2140:70b] Finished load of: file:///Users/bharathi/Library/Application%20Support/iPhone%20Simulator/7.1/Applications/5BA92752-C220-41AB-8ADD-8FBDD3B64E9E/ALMITOnTheGo.app/www/index.html
2014-06-29 00:34:33.258 ALMITOnTheGo[2911:70b] Multi-tasking -> Device: YES, App: YES
2014-06-29 00:34:33.263 ALMITOnTheGo[2911:70b] Unlimited access to network resources
2014-06-29 00:34:33.264 ALMITOnTheGo[2911:70b] 

Started backup to iCloud! Please be careful.
Your application might rejected by Apple if you store too much data.
For more information please read "iOS Data Storage Guidelines"
You could find it at the following address https://developer.apple.com/icloud/documentation/data-storage/ .

2014-06-29 00:34:33.334 ALMITOnTheGo[2911:70b] Resetting plugins due to page load.
2014-06-29 00:34:33.434 ALMITOnTheGo[2911:70b] Finished load of: file:///Users/bharathi/Library/Application%20Support/iPhone%20Simulator/7.1/Applications/54DCF10D-762D-48A4-BA9E-86E4713DA1A3/ALMITOnTheGo.app/www/index.html
2014-06-29 00:35:57.446 ALMITOnTheGo[3586:70b] Multi-tasking -> Device: YES, App: YES
2014-06-29 00:35:57.451 ALMITOnTheGo[3586:70b] Unlimited access to network resources
2014-06-29 00:35:57.453 ALMITOnTheGo[3586:70b] 

Started backup to iCloud! Please be careful.
Your application might rejected by Apple if you store too much data.
For more information please read "iOS Data Storage Guidelines"
You could find it at the following address https://developer.apple.com/icloud/documentation/data-storage/ .

2014-06-29 00:35:57.535 ALMITOnTheGo[3586:70b] Resetting plugins due to page load.
2014-06-29 00:35:57.671 ALMITOnTheGo[3586:70b] Finished load of: file:///Users/bharathi/Library/Application%20Support/iPhone%20Simulator/7.1/Applications/54DCF10D-762D-48A4-BA9E-86E4713DA1A3/ALMITOnTheGo.app/www/index.html
2014-06-29 00:42:40.870 ALMITOnTheGo[4644:70b] Multi-tasking -> Device: YES, App: YES
2014-06-29 00:42:40.875 ALMITOnTheGo[4644:70b] Unlimited access to network resources
2014-06-29 00:42:40.877 ALMITOnTheGo[4644:70b] 

Started backup to iCloud! Please be careful.
Your application might rejected by Apple if you store too much data.
For more information please read "iOS Data Storage Guidelines"
You could find it at the following address https://developer.apple.com/icloud/documentation/data-storage/ .

2014-06-29 00:42:40.948 ALMITOnTheGo[4644:70b] Resetting plugins due to page load.
2014-06-29 00:42:41.078 ALMITOnTheGo[4644:70b] Finished load of: file:///Users/bharathi/Library/Application%20Support/iPhone%20Simulator/7.1/Applications/54DCF10D-762D-48A4-BA9E-86E4713DA1A3/ALMITOnTheGo.app/www/index.html
2014-06-29 00:44:02.341 ALMITOnTheGo[5650:70b] Multi-tasking -> Device: YES, App: YES
2014-06-29 00:44:02.346 ALMITOnTheGo[5650:70b] Unlimited access to network resources
2014-06-29 00:44:02.348 ALMITOnTheGo[5650:70b] 

Started backup to iCloud! Please be careful.
Your application might rejected by Apple if you store too much data.
For more information please read "iOS Data Storage Guidelines"
You could find it at the following address https://developer.apple.com/icloud/documentation/data-storage/ .

2014-06-29 00:44:02.427 ALMITOnTheGo[5650:70b] Resetting plugins due to page load.
2014-06-29 00:44:02.548 ALMITOnTheGo[5650:70b] Finished load of: file:///Users/bharathi/Library/Application%20Support/iPhone%20Simulator/7.1/Applications/54DCF10D-762D-48A4-BA9E-86E4713DA1A3/ALMITOnTheGo.app/www/index.html
2014-06-29 00:46:47.284 ALMITOnTheGo[6193:70b] Multi-tasking -> Device: YES, App: YES
2014-06-29 00:46:47.289 ALMITOnTheGo[6193:70b] Unlimited access to network resources
2014-06-29 00:46:47.291 ALMITOnTheGo[6193:70b] 

Started backup to iCloud! Please be careful.
Your application might rejected by Apple if you store too much data.
For more information please read "iOS Data Storage Guidelines"
You could find it at the following address https://developer.apple.com/icloud/documentation/data-storage/ .

2014-06-29 00:46:47.369 ALMITOnTheGo[6193:70b] Resetting plugins due to page load.
2014-06-29 00:46:47.491 ALMITOnTheGo[6193:70b] Finished load of: file:///Users/bharathi/Library/Application%20Support/iPhone%20Simulator/7.1/Applications/54DCF10D-762D-48A4-BA9E-86E4713DA1A3/ALMITOnTheGo.app/www/index.html
2014-06-29 00:48:39.167 ALMITOnTheGo[6545:70b] Multi-tasking -> Device: YES, App: YES
2014-06-29 00:48:39.171 ALMITOnTheGo[6545:70b] Unlimited access to network resources
2014-06-29 00:48:39.172 ALMITOnTheGo[6545:70b] 

Started backup to iCloud! Please be careful.
Your application might rejected by Apple if you store too much data.
For more information please read "iOS Data Storage Guidelines"
You could find it at the following address https://developer.apple.com/icloud/documentation/data-storage/ .

2014-06-29 00:48:39.208 ALMITOnTheGo[6545:70b] Resetting plugins due to page load.
2014-06-29 00:48:39.288 ALMITOnTheGo[6545:70b] Finished load of: file:///Users/bharathi/Library/Application%20Support/iPhone%20Simulator/7.1/Applications/54DCF10D-762D-48A4-BA9E-86E4713DA1A3/ALMITOnTheGo.app/www/index.html
2014-06-29 00:49:59.995 ALMITOnTheGo[7220:70b] Multi-tasking -> Device: YES, App: YES
2014-06-29 00:50:00.000 ALMITOnTheGo[7220:70b] Unlimited access to network resources
2014-06-29 00:50:00.011 ALMITOnTheGo[7220:70b] 

Started backup to iCloud! Please be careful.
Your application might rejected by Apple if you store too much data.
For more information please read "iOS Data Storage Guidelines"
You could find it at the following address https://developer.apple.com/icloud/documentation/data-storage/ .

2014-06-29 00:50:00.092 ALMITOnTheGo[7220:70b] Resetting plugins due to page load.
2014-06-29 00:50:00.216 ALMITOnTheGo[7220:70b] Finished load of: file:///Users/bharathi/Library/Application%20Support/iPhone%20Simulator/7.1/Applications/54DCF10D-762D-48A4-BA9E-86E4713DA1A3/ALMITOnTheGo.app/www/index.html
2014-06-29 00:51:07.181 ALMITOnTheGo[7565:70b] Multi-tasking -> Device: YES, App: YES
2014-06-29 00:51:07.186 ALMITOnTheGo[7565:70b] Unlimited access to network resources
2014-06-29 00:51:07.187 ALMITOnTheGo[7565:70b] 

Started backup to iCloud! Please be careful.
Your application might rejected by Apple if you store too much data.
For more information please read "iOS Data Storage Guidelines"
You could find it at the following address https://developer.apple.com/icloud/documentation/data-storage/ .

2014-06-29 00:51:07.222 ALMITOnTheGo[7565:70b] Resetting plugins due to page load.
2014-06-29 00:51:07.307 ALMITOnTheGo[7565:70b] Finished load of: file:///Users/bharathi/Library/Application%20Support/iPhone%20Simulator/7.1/Applications/54DCF10D-762D-48A4-BA9E-86E4713DA1A3/ALMITOnTheGo.app/www/index.html
2014-06-29 00:52:25.972 ALMITOnTheGo[8101:70b] Multi-tasking -> Device: YES, App: YES
2014-06-29 00:52:25.977 ALMITOnTheGo[8101:70b] Unlimited access to network resources
2014-06-29 00:52:25.979 ALMITOnTheGo[8101:70b] 

Started backup to iCloud! Please be careful.
Your application might rejected by Apple if you store too much data.
For more information please read "iOS Data Storage Guidelines"
You could find it at the following address https://developer.apple.com/icloud/documentation/data-storage/ .

2014-06-29 00:52:26.053 ALMITOnTheGo[8101:70b] Resetting plugins due to page load.
2014-06-29 00:52:26.205 ALMITOnTheGo[8101:70b] Finished load of: file:///Users/bharathi/Library/Application%20Support/iPhone%20Simulator/7.1/Applications/54DCF10D-762D-48A4-BA9E-86E4713DA1A3/ALMITOnTheGo.app/www/index.html
2014-06-29 00:54:13.733 ALMITOnTheGo[9109:70b] Multi-tasking -> Device: YES, App: YES
2014-06-29 00:54:13.738 ALMITOnTheGo[9109:70b] Unlimited access to network resources
2014-06-29 00:54:13.740 ALMITOnTheGo[9109:70b] 

Started backup to iCloud! Please be careful.
Your application might rejected by Apple if you store too much data.
For more information please read "iOS Data Storage Guidelines"
You could find it at the following address https://developer.apple.com/icloud/documentation/data-storage/ .

2014-06-29 00:54:13.799 ALMITOnTheGo[9109:70b] Resetting plugins due to page load.
2014-06-29 00:54:13.898 ALMITOnTheGo[9109:70b] Finished load of: file:///Users/bharathi/Library/Application%20Support/iPhone%20Simulator/7.1/Applications/54DCF10D-762D-48A4-BA9E-86E4713DA1A3/ALMITOnTheGo.app/www/index.html
2014-06-29 00:57:26.494 ALMITOnTheGo[10010:70b] Multi-tasking -> Device: YES, App: YES
2014-06-29 00:57:26.499 ALMITOnTheGo[10010:70b] Unlimited access to network resources
2014-06-29 00:57:26.501 ALMITOnTheGo[10010:70b] 

Started backup to iCloud! Please be careful.
Your application might rejected by Apple if you store too much data.
For more information please read "iOS Data Storage Guidelines"
You could find it at the following address https://developer.apple.com/icloud/documentation/data-storage/ .

2014-06-29 00:57:26.586 ALMITOnTheGo[10010:70b] Resetting plugins due to page load.
2014-06-29 00:57:26.709 ALMITOnTheGo[10010:70b] Finished load of: file:///Users/bharathi/Library/Application%20Support/iPhone%20Simulator/7.1/Applications/54DCF10D-762D-48A4-BA9E-86E4713DA1A3/ALMITOnTheGo.app/www/index.html
2014-06-29 00:58:14.195 ALMITOnTheGo[10545:70b] Multi-tasking -> Device: YES, App: YES
2014-06-29 00:58:14.202 ALMITOnTheGo[10545:70b] Unlimited access to network resources
2014-06-29 00:58:14.205 ALMITOnTheGo[10545:70b] 

Started backup to iCloud! Please be careful.
Your application might rejected by Apple if you store too much data.
For more information please read "iOS Data Storage Guidelines"
You could find it at the following address https://developer.apple.com/icloud/documentation/data-storage/ .

2014-06-29 00:58:14.285 ALMITOnTheGo[10545:70b] Resetting plugins due to page load.
2014-06-29 00:58:14.408 ALMITOnTheGo[10545:70b] Finished load of: file:///Users/bharathi/Library/Application%20Support/iPhone%20Simulator/7.1/Applications/54DCF10D-762D-48A4-BA9E-86E4713DA1A3/ALMITOnTheGo.app/www/index.html
2014-06-29 00:58:41.411 ALMITOnTheGo[10889:70b] Multi-tasking -> Device: YES, App: YES
2014-06-29 00:58:41.416 ALMITOnTheGo[10889:70b] Unlimited access to network resources
2014-06-29 00:58:41.417 ALMITOnTheGo[10889:70b] 

Started backup to iCloud! Please be careful.
Your application might rejected by Apple if you store too much data.
For more information please read "iOS Data Storage Guidelines"
You could find it at the following address https://developer.apple.com/icloud/documentation/data-storage/ .

2014-06-29 00:58:41.454 ALMITOnTheGo[10889:70b] Resetting plugins due to page load.
2014-06-29 00:58:41.534 ALMITOnTheGo[10889:70b] Finished load of: file:///Users/bharathi/Library/Application%20Support/iPhone%20Simulator/7.1/Applications/54DCF10D-762D-48A4-BA9E-86E4713DA1A3/ALMITOnTheGo.app/www/index.html
2014-06-29 00:59:40.096 ALMITOnTheGo[11422:70b] Multi-tasking -> Device: YES, App: YES
2014-06-29 00:59:40.102 ALMITOnTheGo[11422:70b] Unlimited access to network resources
2014-06-29 00:59:40.104 ALMITOnTheGo[11422:70b] 

Started backup to iCloud! Please be careful.
Your application might rejected by Apple if you store too much data.
For more information please read "iOS Data Storage Guidelines"
You could find it at the following address https://developer.apple.com/icloud/documentation/data-storage/ .

2014-06-29 00:59:40.174 ALMITOnTheGo[11422:70b] Resetting plugins due to page load.
2014-06-29 00:59:40.280 ALMITOnTheGo[11422:70b] Finished load of: file:///Users/bharathi/Library/Application%20Support/iPhone%20Simulator/7.1/Applications/54DCF10D-762D-48A4-BA9E-86E4713DA1A3/ALMITOnTheGo.app/www/index.html
2014-06-29 01:01:25.035 ALMITOnTheGo[11966:70b] Multi-tasking -> Device: YES, App: YES
2014-06-29 01:01:25.042 ALMITOnTheGo[11966:70b] Unlimited access to network resources
2014-06-29 01:01:25.044 ALMITOnTheGo[11966:70b] 

Started backup to iCloud! Please be careful.
Your application might rejected by Apple if you store too much data.
For more information please read "iOS Data Storage Guidelines"
You could find it at the following address https://developer.apple.com/icloud/documentation/data-storage/ .

2014-06-29 01:01:25.118 ALMITOnTheGo[11966:70b] Resetting plugins due to page load.
2014-06-29 01:01:25.239 ALMITOnTheGo[11966:70b] Finished load of: file:///Users/bharathi/Library/Application%20Support/iPhone%20Simulator/7.1/Applications/54DCF10D-762D-48A4-BA9E-86E4713DA1A3/ALMITOnTheGo.app/www/index.html
2014-06-29 01:10:36.740 ALMITOnTheGo[13035:70b] Multi-tasking -> Device: YES, App: YES
2014-06-29 01:10:36.745 ALMITOnTheGo[13035:70b] Unlimited access to network resources
2014-06-29 01:10:36.746 ALMITOnTheGo[13035:70b] 

Started backup to iCloud! Please be careful.
Your application might rejected by Apple if you store too much data.
For more information please read "iOS Data Storage Guidelines"
You could find it at the following address https://developer.apple.com/icloud/documentation/data-storage/ .

2014-06-29 01:10:36.816 ALMITOnTheGo[13035:70b] Resetting plugins due to page load.
2014-06-29 01:10:36.928 ALMITOnTheGo[13035:70b] Finished load of: file:///Users/bharathi/Library/Application%20Support/iPhone%20Simulator/7.1/Applications/54DCF10D-762D-48A4-BA9E-86E4713DA1A3/ALMITOnTheGo.app/www/index.html
2014-06-29 01:11:33.360 ALMITOnTheGo[13384:70b] Multi-tasking -> Device: YES, App: YES
2014-06-29 01:11:33.365 ALMITOnTheGo[13384:70b] Unlimited access to network resources
2014-06-29 01:11:33.366 ALMITOnTheGo[13384:70b] 

Started backup to iCloud! Please be careful.
Your application might rejected by Apple if you store too much data.
For more information please read "iOS Data Storage Guidelines"
You could find it at the following address https://developer.apple.com/icloud/documentation/data-storage/ .

2014-06-29 01:11:33.403 ALMITOnTheGo[13384:70b] Resetting plugins due to page load.
2014-06-29 01:11:33.483 ALMITOnTheGo[13384:70b] Finished load of: file:///Users/bharathi/Library/Application%20Support/iPhone%20Simulator/7.1/Applications/54DCF10D-762D-48A4-BA9E-86E4713DA1A3/ALMITOnTheGo.app/www/index.html
2014-06-29 01:12:57.585 ALMITOnTheGo[13928:70b] Multi-tasking -> Device: YES, App: YES
2014-06-29 01:12:57.591 ALMITOnTheGo[13928:70b] Unlimited access to network resources
2014-06-29 01:12:57.593 ALMITOnTheGo[13928:70b] 

Started backup to iCloud! Please be careful.
Your application might rejected by Apple if you store too much data.
For more information please read "iOS Data Storage Guidelines"
You could find it at the following address https://developer.apple.com/icloud/documentation/data-storage/ .

2014-06-29 01:12:57.656 ALMITOnTheGo[13928:70b] Resetting plugins due to page load.
2014-06-29 01:12:57.774 ALMITOnTheGo[13928:70b] Finished load of: file:///Users/bharathi/Library/Application%20Support/iPhone%20Simulator/7.1/Applications/54DCF10D-762D-48A4-BA9E-86E4713DA1A3/ALMITOnTheGo.app/www/index.html
2014-06-29 01:13:16.609 ALMITOnTheGo[14270:70b] Multi-tasking -> Device: YES, App: YES
2014-06-29 01:13:16.614 ALMITOnTheGo[14270:70b] Unlimited access to network resources
2014-06-29 01:13:16.615 ALMITOnTheGo[14270:70b] 

Started backup to iCloud! Please be careful.
Your application might rejected by Apple if you store too much data.
For more information please read "iOS Data Storage Guidelines"
You could find it at the following address https://developer.apple.com/icloud/documentation/data-storage/ .

2014-06-29 01:13:16.651 ALMITOnTheGo[14270:70b] Resetting plugins due to page load.
2014-06-29 01:13:16.734 ALMITOnTheGo[14270:70b] Finished load of: file:///Users/bharathi/Library/Application%20Support/iPhone%20Simulator/7.1/Applications/54DCF10D-762D-48A4-BA9E-86E4713DA1A3/ALMITOnTheGo.app/www/index.html
2014-06-29 01:15:11.604 ALMITOnTheGo[14810:70b] Multi-tasking -> Device: YES, App: YES
2014-06-29 01:15:11.611 ALMITOnTheGo[14810:70b] Unlimited access to network resources
2014-06-29 01:15:11.613 ALMITOnTheGo[14810:70b] 

Started backup to iCloud! Please be careful.
Your application might rejected by Apple if you store too much data.
For more information please read "iOS Data Storage Guidelines"
You could find it at the following address https://developer.apple.com/icloud/documentation/data-storage/ .

2014-06-29 01:15:11.684 ALMITOnTheGo[14810:70b] Resetting plugins due to page load.
2014-06-29 01:15:11.800 ALMITOnTheGo[14810:70b] Finished load of: file:///Users/bharathi/Library/Application%20Support/iPhone%20Simulator/7.1/Applications/54DCF10D-762D-48A4-BA9E-86E4713DA1A3/ALMITOnTheGo.app/www/index.html
2014-06-29 01:15:42.843 ALMITOnTheGo[15155:70b] Multi-tasking -> Device: YES, App: YES
2014-06-29 01:15:42.847 ALMITOnTheGo[15155:70b] Unlimited access to network resources
2014-06-29 01:15:42.849 ALMITOnTheGo[15155:70b] 

Started backup to iCloud! Please be careful.
Your application might rejected by Apple if you store too much data.
For more information please read "iOS Data Storage Guidelines"
You could find it at the following address https://developer.apple.com/icloud/documentation/data-storage/ .

2014-06-29 01:15:42.885 ALMITOnTheGo[15155:70b] Resetting plugins due to page load.
2014-06-29 01:15:42.966 ALMITOnTheGo[15155:70b] Finished load of: file:///Users/bharathi/Library/Application%20Support/iPhone%20Simulator/7.1/Applications/54DCF10D-762D-48A4-BA9E-86E4713DA1A3/ALMITOnTheGo.app/www/index.html
2014-06-29 01:18:02.872 ALMITOnTheGo[16165:70b] Multi-tasking -> Device: YES, App: YES
2014-06-29 01:18:02.879 ALMITOnTheGo[16165:70b] Unlimited access to network resources
2014-06-29 01:18:02.881 ALMITOnTheGo[16165:70b] 

Started backup to iCloud! Please be careful.
Your application might rejected by Apple if you store too much data.
For more information please read "iOS Data Storage Guidelines"
You could find it at the following address https://developer.apple.com/icloud/documentation/data-storage/ .

2014-06-29 01:18:02.942 ALMITOnTheGo[16165:70b] Resetting plugins due to page load.
2014-06-29 01:18:03.067 ALMITOnTheGo[16165:70b] Finished load of: file:///Users/bharathi/Library/Application%20Support/iPhone%20Simulator/7.1/Applications/54DCF10D-762D-48A4-BA9E-86E4713DA1A3/ALMITOnTheGo.app/www/index.html
2014-06-29 01:20:05.927 ALMITOnTheGo[16849:70b] Multi-tasking -> Device: YES, App: YES
2014-06-29 01:20:05.934 ALMITOnTheGo[16849:70b] Unlimited access to network resources
2014-06-29 01:20:05.936 ALMITOnTheGo[16849:70b] 

Started backup to iCloud! Please be careful.
Your application might rejected by Apple if you store too much data.
For more information please read "iOS Data Storage Guidelines"
You could find it at the following address https://developer.apple.com/icloud/documentation/data-storage/ .

2014-06-29 01:20:06.009 ALMITOnTheGo[16849:70b] Resetting plugins due to page load.
2014-06-29 01:20:06.130 ALMITOnTheGo[16849:70b] Finished load of: file:///Users/bharathi/Library/Application%20Support/iPhone%20Simulator/7.1/Applications/54DCF10D-762D-48A4-BA9E-86E4713DA1A3/ALMITOnTheGo.app/www/index.html
2014-06-29 01:21:05.778 ALMITOnTheGo[17196:70b] Multi-tasking -> Device: YES, App: YES
2014-06-29 01:21:05.782 ALMITOnTheGo[17196:70b] Unlimited access to network resources
2014-06-29 01:21:05.784 ALMITOnTheGo[17196:70b] 

Started backup to iCloud! Please be careful.
Your application might rejected by Apple if you store too much data.
For more information please read "iOS Data Storage Guidelines"
You could find it at the following address https://developer.apple.com/icloud/documentation/data-storage/ .

2014-06-29 01:21:05.830 ALMITOnTheGo[17196:70b] Resetting plugins due to page load.
2014-06-29 01:21:05.917 ALMITOnTheGo[17196:70b] Finished load of: file:///Users/bharathi/Library/Application%20Support/iPhone%20Simulator/7.1/Applications/54DCF10D-762D-48A4-BA9E-86E4713DA1A3/ALMITOnTheGo.app/www/index.html
2014-06-29 01:28:00.302 ALMITOnTheGo[17769:70b] Multi-tasking -> Device: YES, App: YES
2014-06-29 01:28:00.306 ALMITOnTheGo[17769:70b] Unlimited access to network resources
2014-06-29 01:28:00.308 ALMITOnTheGo[17769:70b] 

Started backup to iCloud! Please be careful.
Your application might rejected by Apple if you store too much data.
For more information please read "iOS Data Storage Guidelines"
You could find it at the following address https://developer.apple.com/icloud/documentation/data-storage/ .

2014-06-29 01:28:00.383 ALMITOnTheGo[17769:70b] Resetting plugins due to page load.
2014-06-29 01:28:00.507 ALMITOnTheGo[17769:70b] Finished load of: file:///Users/bharathi/Library/Application%20Support/iPhone%20Simulator/7.1/Applications/54DCF10D-762D-48A4-BA9E-86E4713DA1A3/ALMITOnTheGo.app/www/index.html
2014-06-29 01:28:50.016 ALMITOnTheGo[18313:70b] Multi-tasking -> Device: YES, App: YES
2014-06-29 01:28:50.022 ALMITOnTheGo[18313:70b] Unlimited access to network resources
2014-06-29 01:28:50.024 ALMITOnTheGo[18313:70b] 

Started backup to iCloud! Please be careful.
Your application might rejected by Apple if you store too much data.
For more information please read "iOS Data Storage Guidelines"
You could find it at the following address https://developer.apple.com/icloud/documentation/data-storage/ .

2014-06-29 01:28:50.101 ALMITOnTheGo[18313:70b] Resetting plugins due to page load.
2014-06-29 01:28:50.255 ALMITOnTheGo[18313:70b] Finished load of: file:///Users/bharathi/Library/Application%20Support/iPhone%20Simulator/7.1/Applications/54DCF10D-762D-48A4-BA9E-86E4713DA1A3/ALMITOnTheGo.app/www/index.html
2014-06-29 01:29:27.157 ALMITOnTheGo[18659:70b] Multi-tasking -> Device: YES, App: YES
2014-06-29 01:29:27.162 ALMITOnTheGo[18659:70b] Unlimited access to network resources
2014-06-29 01:29:27.163 ALMITOnTheGo[18659:70b] 

Started backup to iCloud! Please be careful.
Your application might rejected by Apple if you store too much data.
For more information please read "iOS Data Storage Guidelines"
You could find it at the following address https://developer.apple.com/icloud/documentation/data-storage/ .

2014-06-29 01:29:27.201 ALMITOnTheGo[18659:70b] Resetting plugins due to page load.
2014-06-29 01:29:27.285 ALMITOnTheGo[18659:70b] Finished load of: file:///Users/bharathi/Library/Application%20Support/iPhone%20Simulator/7.1/Applications/54DCF10D-762D-48A4-BA9E-86E4713DA1A3/ALMITOnTheGo.app/www/index.html
2014-06-29 01:30:14.291 ALMITOnTheGo[19190:70b] Multi-tasking -> Device: YES, App: YES
2014-06-29 01:30:14.296 ALMITOnTheGo[19190:70b] Unlimited access to network resources
2014-06-29 01:30:14.298 ALMITOnTheGo[19190:70b] 

Started backup to iCloud! Please be careful.
Your application might rejected by Apple if you store too much data.
For more information please read "iOS Data Storage Guidelines"
You could find it at the following address https://developer.apple.com/icloud/documentation/data-storage/ .

2014-06-29 01:30:14.376 ALMITOnTheGo[19190:70b] Resetting plugins due to page load.
2014-06-29 01:30:14.482 ALMITOnTheGo[19190:70b] Finished load of: file:///Users/bharathi/Library/Application%20Support/iPhone%20Simulator/7.1/Applications/54DCF10D-762D-48A4-BA9E-86E4713DA1A3/ALMITOnTheGo.app/www/index.html
2014-06-29 01:39:41.742 ALMITOnTheGo[19684:70b] Multi-tasking -> Device: YES, App: YES
2014-06-29 01:39:41.747 ALMITOnTheGo[19684:70b] Unlimited access to network resources
2014-06-29 01:39:41.748 ALMITOnTheGo[19684:70b] 

Started backup to iCloud! Please be careful.
Your application might rejected by Apple if you store too much data.
For more information please read "iOS Data Storage Guidelines"
You could find it at the following address https://developer.apple.com/icloud/documentation/data-storage/ .

2014-06-29 01:39:41.786 ALMITOnTheGo[19684:70b] Resetting plugins due to page load.
2014-06-29 01:39:41.867 ALMITOnTheGo[19684:70b] Finished load of: file:///Users/bharathi/Library/Application%20Support/iPhone%20Simulator/7.1/Applications/54DCF10D-762D-48A4-BA9E-86E4713DA1A3/ALMITOnTheGo.app/www/index.html
2014-06-29 01:41:09.984 ALMITOnTheGo[20249:70b] Multi-tasking -> Device: YES, App: YES
2014-06-29 01:41:09.989 ALMITOnTheGo[20249:70b] Unlimited access to network resources
2014-06-29 01:41:09.991 ALMITOnTheGo[20249:70b] 

Started backup to iCloud! Please be careful.
Your application might rejected by Apple if you store too much data.
For more information please read "iOS Data Storage Guidelines"
You could find it at the following address https://developer.apple.com/icloud/documentation/data-storage/ .

2014-06-29 01:41:10.067 ALMITOnTheGo[20249:70b] Resetting plugins due to page load.
2014-06-29 01:41:10.184 ALMITOnTheGo[20249:70b] Finished load of: file:///Users/bharathi/Library/Application%20Support/iPhone%20Simulator/7.1/Applications/54DCF10D-762D-48A4-BA9E-86E4713DA1A3/ALMITOnTheGo.app/www/index.html
2014-06-29 01:44:38.450 ALMITOnTheGo[20636:70b] Multi-tasking -> Device: YES, App: YES
2014-06-29 01:44:38.454 ALMITOnTheGo[20636:70b] Unlimited access to network resources
2014-06-29 01:44:38.456 ALMITOnTheGo[20636:70b] 

Started backup to iCloud! Please be careful.
Your application might rejected by Apple if you store too much data.
For more information please read "iOS Data Storage Guidelines"
You could find it at the following address https://developer.apple.com/icloud/documentation/data-storage/ .

2014-06-29 01:44:38.490 ALMITOnTheGo[20636:70b] Resetting plugins due to page load.
2014-06-29 01:44:38.577 ALMITOnTheGo[20636:70b] Finished load of: file:///Users/bharathi/Library/Application%20Support/iPhone%20Simulator/7.1/Applications/54DCF10D-762D-48A4-BA9E-86E4713DA1A3/ALMITOnTheGo.app/www/index.html
2014-06-29 01:47:35.911 ALMITOnTheGo[21016:70b] Multi-tasking -> Device: YES, App: YES
2014-06-29 01:47:35.915 ALMITOnTheGo[21016:70b] Unlimited access to network resources
2014-06-29 01:47:35.916 ALMITOnTheGo[21016:70b] 

Started backup to iCloud! Please be careful.
Your application might rejected by Apple if you store too much data.
For more information please read "iOS Data Storage Guidelines"
You could find it at the following address https://developer.apple.com/icloud/documentation/data-storage/ .

2014-06-29 01:47:35.953 ALMITOnTheGo[21016:70b] Resetting plugins due to page load.
2014-06-29 01:47:36.037 ALMITOnTheGo[21016:70b] Finished load of: file:///Users/bharathi/Library/Application%20Support/iPhone%20Simulator/7.1/Applications/54DCF10D-762D-48A4-BA9E-86E4713DA1A3/ALMITOnTheGo.app/www/index.html
2014-06-29 01:50:21.894 ALMITOnTheGo[21562:70b] Multi-tasking -> Device: YES, App: YES
2014-06-29 01:50:21.901 ALMITOnTheGo[21562:70b] Unlimited access to network resources
2014-06-29 01:50:21.903 ALMITOnTheGo[21562:70b] 

Started backup to iCloud! Please be careful.
Your application might rejected by Apple if you store too much data.
For more information please read "iOS Data Storage Guidelines"
You could find it at the following address https://developer.apple.com/icloud/documentation/data-storage/ .

2014-06-29 01:50:21.982 ALMITOnTheGo[21562:70b] Resetting plugins due to page load.
2014-06-29 01:50:22.090 ALMITOnTheGo[21562:70b] Finished load of: file:///Users/bharathi/Library/Application%20Support/iPhone%20Simulator/7.1/Applications/54DCF10D-762D-48A4-BA9E-86E4713DA1A3/ALMITOnTheGo.app/www/index.html
